# JRE version: Java(TM) SE Runtime Environment (8.0_211-b12) (build 1.8.0_211-b12)
# Java VM: Java HotSpot(TM) 64-Bit Server VM (25.211-b12 mixed mode windows-amd64 compressed oops)
Heap:
 PSYoungGen      total 370176K, used 46694K [0x00000000d5f00000, 0x00000000f4380000, 0x0000000100000000)
  eden space 342528K, 13% used [0x00000000d5f00000,0x00000000d8c99b08,0x00000000ead80000)
  from space 27648K, 0% used [0x00000000ead80000,0x00000000ead80000,0x00000000ec880000)
  to   space 26624K, 0% used [0x00000000f2980000,0x00000000f2980000,0x00000000f4380000)
 ParOldGen       total 132608K, used 29283K [0x0000000081c00000, 0x0000000089d80000, 0x00000000d5f00000)
  object space 132608K, 22% used [0x0000000081c00000,0x0000000083898da8,0x0000000089d80000)
 Metaspace       used 59006K, capacity 59898K, committed 60312K, reserved 1101824K
  class space    used 7300K, capacity 7553K, committed 7600K, reserved 1048576K
GC Heap History (10 events):
Event: 6.132 GC heap before
{Heap before GC invocations=12 (full 2):
 PSYoungGen      total 288768K, used 6281K [0x00000000d5f00000, 0x00000000ed500000, 0x0000000100000000)
  eden space 269824K, 0% used [0x00000000d5f00000,0x00000000d5f00000,0x00000000e6680000)
  from space 18944K, 33% used [0x00000000e7900000,0x00000000e7f22450,0x00000000e8b80000)
  to   space 18944K, 0% used [0x00000000e6680000,0x00000000e6680000,0x00000000e7900000)
 ParOldGen       total 66560K, used 32200K [0x0000000081c00000, 0x0000000085d00000, 0x00000000d5f00000)
  object space 66560K, 48% used [0x0000000081c00000,0x0000000083b72370,0x0000000085d00000)
 Metaspace       used 34595K, capacity 35356K, committed 35496K, reserved 1081344K
  class space    used 4162K, capacity 4362K, committed 4400K, reserved 1048576K
Event: 6.169 GC heap after
Heap after GC invocations=12 (full 2):
 PSYoungGen      total 288768K, used 0K [0x00000000d5f00000, 0x00000000ed500000, 0x0000000100000000)
  eden space 269824K, 0% used [0x00000000d5f00000,0x00000000d5f00000,0x00000000e6680000)
  from space 18944K, 0% used [0x00000000e7900000,0x00000000e7900000,0x00000000e8b80000)
  to   space 18944K, 0% used [0x00000000e6680000,0x00000000e6680000,0x00000000e7900000)
 ParOldGen       total 100352K, used 21033K [0x0000000081c00000, 0x0000000087e00000, 0x00000000d5f00000)
  object space 100352K, 20% used [0x0000000081c00000,0x000000008308a558,0x0000000087e00000)
 Metaspace       used 34580K, capacity 35316K, committed 35496K, reserved 1081344K
  class space    used 4156K, capacity 4352K, committed 4400K, reserved 1048576K
}
Event: 12.217 GC heap before
{Heap before GC invocations=13 (full 2):
 PSYoungGen      total 288768K, used 269824K [0x00000000d5f00000, 0x00000000ed500000, 0x0000000100000000)
  eden space 269824K, 100% used [0x00000000d5f00000,0x00000000e6680000,0x00000000e6680000)
  from space 18944K, 0% used [0x00000000e7900000,0x00000000e7900000,0x00000000e8b80000)
  to   space 18944K, 0% used [0x00000000e6680000,0x00000000e6680000,0x00000000e7900000)
 ParOldGen       total 100352K, used 21033K [0x0000000081c00000, 0x0000000087e00000, 0x00000000d5f00000)
  object space 100352K, 20% used [0x0000000081c00000,0x000000008308a558,0x0000000087e00000)
 Metaspace       used 47519K, capacity 48390K, committed 48560K, reserved 1091584K
  class space    used 5797K, capacity 6053K, committed 6064K, reserved 1048576K
Event: 12.232 GC heap after
Heap after GC invocations=13 (full 2):
 PSYoungGen      total 288768K, used 18924K [0x00000000d5f00000, 0x00000000ede00000, 0x0000000100000000)
  eden space 269824K, 0% used [0x00000000d5f00000,0x00000000d5f00000,0x00000000e6680000)
  from space 18944K, 99% used [0x00000000e6680000,0x00000000e78fb138,0x00000000e7900000)
  to   space 22016K, 0% used [0x00000000ec880000,0x00000000ec880000,0x00000000ede00000)
 ParOldGen       total 100352K, used 23262K [0x0000000081c00000, 0x0000000087e00000, 0x00000000d5f00000)
  object space 100352K, 23% used [0x0000000081c00000,0x00000000832b7a58,0x0000000087e00000)
 Metaspace       used 47519K, capacity 48390K, committed 48560K, reserved 1091584K
  class space    used 5797K, capacity 6053K, committed 6064K, reserved 1048576K
}
Event: 14.172 GC heap before
{Heap before GC invocations=14 (full 2):
 PSYoungGen      total 288768K, used 288748K [0x00000000d5f00000, 0x00000000ede00000, 0x0000000100000000)
  eden space 269824K, 100% used [0x00000000d5f00000,0x00000000e6680000,0x00000000e6680000)
  from space 18944K, 99% used [0x00000000e6680000,0x00000000e78fb138,0x00000000e7900000)
  to   space 22016K, 0% used [0x00000000ec880000,0x00000000ec880000,0x00000000ede00000)
 ParOldGen       total 100352K, used 23262K [0x0000000081c00000, 0x0000000087e00000, 0x00000000d5f00000)
  object space 100352K, 23% used [0x0000000081c00000,0x00000000832b7a58,0x0000000087e00000)
 Metaspace       used 51864K, capacity 52752K, committed 53040K, reserved 1095680K
  class space    used 6399K, capacity 6650K, committed 6704K, reserved 1048576K
Event: 14.201 GC heap after
Heap after GC invocations=14 (full 2):
 PSYoungGen      total 364544K, used 21985K [0x00000000d5f00000, 0x00000000eeb00000, 0x0000000100000000)
  eden space 342528K, 0% used [0x00000000d5f00000,0x00000000d5f00000,0x00000000ead80000)
  from space 22016K, 99% used [0x00000000ec880000,0x00000000eddf8530,0x00000000ede00000)
  to   space 27648K, 0% used [0x00000000ead80000,0x00000000ead80000,0x00000000ec880000)
 ParOldGen       total 100352K, used 30035K [0x0000000081c00000, 0x0000000087e00000, 0x00000000d5f00000)
  object space 100352K, 29% used [0x0000000081c00000,0x0000000083954fa0,0x0000000087e00000)
 Metaspace       used 51864K, capacity 52752K, committed 53040K, reserved 1095680K
  class space    used 6399K, capacity 6650K, committed 6704K, reserved 1048576K
}
Event: 14.962 GC heap before
{Heap before GC invocations=15 (full 2):
 PSYoungGen      total 364544K, used 121834K [0x00000000d5f00000, 0x00000000eeb00000, 0x0000000100000000)
  eden space 342528K, 29% used [0x00000000d5f00000,0x00000000dc082480,0x00000000ead80000)
  from space 22016K, 99% used [0x00000000ec880000,0x00000000eddf8530,0x00000000ede00000)
  to   space 27648K, 0% used [0x00000000ead80000,0x00000000ead80000,0x00000000ec880000)
 ParOldGen       total 100352K, used 30035K [0x0000000081c00000, 0x0000000087e00000, 0x00000000d5f00000)
  object space 100352K, 29% used [0x0000000081c00000,0x0000000083954fa0,0x0000000087e00000)
 Metaspace       used 57949K, capacity 58784K, committed 59160K, reserved 1101824K
  class space    used 7157K, capacity 7394K, committed 7472K, reserved 1048576K
Event: 14.971 GC heap after
Heap after GC invocations=15 (full 2):
 PSYoungGen      total 370176K, used 8766K [0x00000000d5f00000, 0x00000000f4380000, 0x0000000100000000)
  eden space 342528K, 0% used [0x00000000d5f00000,0x00000000d5f00000,0x00000000ead80000)
  from space 27648K, 31% used [0x00000000ead80000,0x00000000eb60f8d0,0x00000000ec880000)
  to   space 26624K, 0% used [0x00000000f2980000,0x00000000f2980000,0x00000000f4380000)
 ParOldGen       total 100352K, used 31418K [0x0000000081c00000, 0x0000000087e00000, 0x00000000d5f00000)
  object space 100352K, 31% used [0x0000000081c00000,0x0000000083aae8a0,0x0000000087e00000)
 Metaspace       used 57949K, capacity 58784K, committed 59160K, reserved 1101824K
  class space    used 7157K, capacity 7394K, committed 7472K, reserved 1048576K
}
Event: 14.971 GC heap before
{Heap before GC invocations=16 (full 3):
 PSYoungGen      total 370176K, used 8766K [0x00000000d5f00000, 0x00000000f4380000, 0x0000000100000000)
  eden space 342528K, 0% used [0x00000000d5f00000,0x00000000d5f00000,0x00000000ead80000)
  from space 27648K, 31% used [0x00000000ead80000,0x00000000eb60f8d0,0x00000000ec880000)
  to   space 26624K, 0% used [0x00000000f2980000,0x00000000f2980000,0x00000000f4380000)
 ParOldGen       total 100352K, used 31418K [0x0000000081c00000, 0x0000000087e00000, 0x00000000d5f00000)
  object space 100352K, 31% used [0x0000000081c00000,0x0000000083aae8a0,0x0000000087e00000)
 Metaspace       used 57949K, capacity 58784K, committed 59160K, reserved 1101824K
  class space    used 7157K, capacity 7394K, committed 7472K, reserved 1048576K
Event: 15.149 GC heap after
Heap after GC invocations=16 (full 3):
 PSYoungGen      total 370176K, used 0K [0x00000000d5f00000, 0x00000000f4380000, 0x0000000100000000)
  eden space 342528K, 0% used [0x00000000d5f00000,0x00000000d5f00000,0x00000000ead80000)
  from space 27648K, 0% used [0x00000000ead80000,0x00000000ead80000,0x00000000ec880000)
  to   space 26624K, 0% used [0x00000000f2980000,0x00000000f2980000,0x00000000f4380000)
 ParOldGen       total 132608K, used 29283K [0x0000000081c00000, 0x0000000089d80000, 0x00000000d5f00000)
  object space 132608K, 22% used [0x0000000081c00000,0x0000000083898da8,0x0000000089d80000)
 Metaspace       used 57947K, capacity 58778K, committed 59160K, reserved 1101824K
  class space    used 7156K, capacity 7393K, committed 7472K, reserved 1048576K
}

